<?xml version="1.0" encoding="UTF-8"?>
<!-- Generated by org.testng.reporters.JUnitReportReporter -->
<testsuite skipped="0" hostname="OM" name="com.inetbank.testcases.TC_LoginTest_001" tests="1" failures="0" timestamp="01 Feb 2020 17:12:10 GMT" time="2.603" errors="0">
  <testcase name="LoginTest" time="2.603" classname="com.inetbank.testcases.TC_LoginTest_001"/>
</testsuite> <!-- com.inetbank.testcases.TC_LoginTest_001 -->
