<?xml version="1.0" encoding="UTF-8"?>
<!-- Generated by org.testng.reporters.JUnitReportReporter -->
<testsuite skipped="0" hostname="OM" name="com.inetbank.testcases.TC_LoginTest_001" tests="1" failures="0" timestamp="04 Feb 2020 06:24:15 GMT" time="14.163" errors="0">
  <testcase name="LoginTest" time="14.163" classname="com.inetbank.testcases.TC_LoginTest_001"/>
</testsuite> <!-- com.inetbank.testcases.TC_LoginTest_001 -->
